#
# A fatal error has been detected by the Java Runtime Environment:
#
#  EXCEPTION_ACCESS_VIOLATION (0xc0000005) at pc=0x0000000051d05520, pid=10432, tid=0x00000000000001b4
#
# JRE version: Java(TM) SE Runtime Environment (8.0_121-b13) (build 1.8.0_121-b13)
# Java VM: Java HotSpot(TM) 64-Bit Server VM (25.121-b13 mixed mode windows-amd64 compressed oops)
# Problematic frame:
# C  [nvoglv64.DLL+0xf75520]
#
# Failed to write core dump. Minidumps are not enabled by default on client versions of Windows
#
# If you would like to submit a bug report, please visit:
#   http://bugreport.java.com/bugreport/crash.jsp
# The crash happened outside the Java Virtual Machine in native code.
# See problematic frame for where to report the bug.
#

---------------  T H R E A D  ---------------

Current thread (0x0000000018f2f800):  JavaThread "GAME_LOOP_THREAD" [_thread_in_native, id=436, stack(0x0000000019370000,0x0000000019470000)]

siginfo: ExceptionCode=0xc0000005, reading address 0x0000000000000000

Registers:
RAX=0x0000000000000030, RBX=0x000000001a7b7aa8, RCX=0x000000001aca8ba4, RDX=0xffffffffe535745c
RSP=0x000000001946efc8, RBP=0x0000000000000001, RSI=0x0000000000000003, RDI=0x000000001aca8ba4
R8 =0x0000000000000030, R9 =0x0000000000000003, R10=0x0000000000000000, R11=0x000000001aca8ba4
R12=0x0000000000000000, R13=0x0000000050d90000, R14=0x0000000000000000, R15=0x000000001a7b7828
RIP=0x0000000051d05520, EFLAGS=0x0000000000010283

Top of Stack: (sp=0x000000001946efc8)
0x000000001946efc8:   0000000051873e3a 0000000016eb6b90
0x000000001946efd8:   000000001946f118 0000000018f2f5a0
0x000000001946efe8:   0000000051712ceb 0000000018f2f800
0x000000001946eff8:   0000000000000003 0000000000000000
0x000000001946f008:   000000000002010b 000000001a7b7828
0x000000001946f018:   0000000051874c22 000000001a7b7080
0x000000001946f028:   0000000000000004 0000000000000000
0x000000001946f038:   00000000026f7e06 0000000018f2f800
0x000000001946f048:   000000001946f118 0000000016eb6b90
0x000000001946f058:   0000000000000000 00000000026e835d
0x000000001946f068:   00000000026f7f74 0000000016eb6b90
0x000000001946f078:   000000001946f0e8 0000000000000108
0x000000001946f088:   0000000016eb6b90 0000000000000003
0x000000001946f098:   0000000018f2f800 00000000026f7ca2
0x000000001946f0a8:   000000001946f0a8 0000000016eb6b90
0x000000001946f0b8:   000000001946f118 0000000016eddbd0 

Instructions: (pc=0x0000000051d05520)
0x0000000051d05500:   29 41 c0 0f 29 49 d0 0f 10 44 0a e0 0f 10 4c 0a
0x0000000051d05510:   f0 75 ad 0f 29 41 e0 49 83 e0 7f 0f 28 c1 eb 0c
0x0000000051d05520:   0f 10 04 0a 48 83 c1 10 49 83 e8 10 4d 8b c8 49
0x0000000051d05530:   c1 e9 04 74 1c 66 66 66 0f 1f 84 00 00 00 00 00 


Register to memory mapping:

RAX=0x0000000000000030 is an unknown value
RBX=0x000000001a7b7aa8 is an unknown value
RCX=0x000000001aca8ba4 is an unknown value
RDX=0xffffffffe535745c is an unknown value
RSP=0x000000001946efc8 is pointing into the stack for thread: 0x0000000018f2f800
RBP=0x0000000000000001 is an unknown value
RSI=0x0000000000000003 is an unknown value
RDI=0x000000001aca8ba4 is an unknown value
R8 =0x0000000000000030 is an unknown value
R9 =0x0000000000000003 is an unknown value
R10=0x0000000000000000 is an unknown value
R11=0x000000001aca8ba4 is an unknown value
R12=0x0000000000000000 is an unknown value
R13=0x0000000050d90000 is an unknown value
R14=0x0000000000000000 is an unknown value
R15=0x000000001a7b7828 is an unknown value


Stack: [0x0000000019370000,0x0000000019470000],  sp=0x000000001946efc8,  free space=1019k
Native frames: (J=compiled Java code, j=interpreted, Vv=VM code, C=native code)
C  [nvoglv64.DLL+0xf75520]
C  [nvoglv64.DLL+0xae3e3a]
C  [nvoglv64.DLL+0xae4c22]
C  0x00000000026f7f74

Java frames: (J=compiled Java code, j=interpreted, Vv=VM code)
j  org.lwjgl.opengl.GL11.nglDrawArrays(III)V+0
j  org.lwjgl.opengl.GL11.glDrawArrays(III)V+3
j  org.lwjglb.game.Renderer.render(Lorg/lwjglb/engine/Window;)V+50
j  org.lwjglb.game.DummyGame.render(Lorg/lwjglb/engine/Window;)V+22
j  org.lwjglb.engine.GameEngine.render()V+8
j  org.lwjglb.engine.GameEngine.gameLoop()V+58
j  org.lwjglb.engine.GameEngine.run()V+5
j  java.lang.Thread.run()V+11
v  ~StubRoutines::call_stub

---------------  P R O C E S S  ---------------

Java Threads: ( => current thread )
  0x000000000233e000 JavaThread "DestroyJavaVM" [_thread_blocked, id=11900, stack(0x00000000024e0000,0x00000000025e0000)]
=>0x0000000018f2f800 JavaThread "GAME_LOOP_THREAD" [_thread_in_native, id=436, stack(0x0000000019370000,0x0000000019470000)]
  0x000000001731e800 JavaThread "Service Thread" daemon [_thread_blocked, id=1084, stack(0x0000000019020000,0x0000000019120000)]
  0x00000000172ca000 JavaThread "C1 CompilerThread2" daemon [_thread_blocked, id=14096, stack(0x0000000018b20000,0x0000000018c20000)]
  0x00000000172c1800 JavaThread "C2 CompilerThread1" daemon [_thread_blocked, id=3732, stack(0x0000000018a20000,0x0000000018b20000)]
  0x00000000172bd800 JavaThread "C2 CompilerThread0" daemon [_thread_blocked, id=11984, stack(0x0000000018920000,0x0000000018a20000)]
  0x00000000172bc000 JavaThread "Attach Listener" daemon [_thread_blocked, id=12384, stack(0x0000000018820000,0x0000000018920000)]
  0x00000000172ba800 JavaThread "Signal Dispatcher" daemon [_thread_blocked, id=13524, stack(0x0000000018720000,0x0000000018820000)]
  0x00000000026db800 JavaThread "Finalizer" daemon [_thread_blocked, id=2832, stack(0x0000000018510000,0x0000000018610000)]
  0x00000000026d0800 JavaThread "Reference Handler" daemon [_thread_blocked, id=4668, stack(0x0000000018410000,0x0000000018510000)]

Other Threads:
  0x0000000017288000 VMThread [stack: 0x0000000018310000,0x0000000018410000] [id=4736]
  0x0000000018c6c000 WatcherThread [stack: 0x0000000019270000,0x0000000019370000] [id=4184]

VM state:not at safepoint (normal execution)

VM Mutex/Monitor currently owned by a thread: None

Heap:
 PSYoungGen      total 38400K, used 16238K [0x00000000d5780000, 0x00000000d8200000, 0x0000000100000000)
  eden space 33280K, 48% used [0x00000000d5780000,0x00000000d675b820,0x00000000d7800000)
  from space 5120K, 0% used [0x00000000d7d00000,0x00000000d7d00000,0x00000000d8200000)
  to   space 5120K, 0% used [0x00000000d7800000,0x00000000d7800000,0x00000000d7d00000)
 ParOldGen       total 87552K, used 0K [0x0000000080600000, 0x0000000085b80000, 0x00000000d5780000)
  object space 87552K, 0% used [0x0000000080600000,0x0000000080600000,0x0000000085b80000)
 Metaspace       used 8894K, capacity 9113K, committed 9344K, reserved 1058816K
  class space    used 800K, capacity 874K, committed 896K, reserved 1048576K

Card table byte_map: [0x0000000011aa0000,0x0000000011ea0000] byte_map_base: 0x000000001169d000

Marking Bits: (ParMarkBitMap*) 0x0000000053b8b6d0
 Begin Bits: [0x0000000012550000, 0x0000000014538000)
 End Bits:   [0x0000000014538000, 0x0000000016520000)

Polling page: 0x00000000022c0000

CodeCache: size=245760Kb used=2774Kb max_used=2774Kb free=242985Kb
 bounds [0x00000000026e0000, 0x00000000029a0000, 0x00000000116e0000]
 total_blobs=1458 nmethods=640 adapters=731
 compilation: enabled

Compilation events (10 events):
Event: 2.521 Thread 0x00000000172ca000  636       3       java.lang.Character::isSurrogate (18 bytes)
Event: 2.522 Thread 0x00000000172ca000 nmethod 636 0x0000000002994610 code [0x0000000002994760, 0x0000000002994930]
Event: 2.522 Thread 0x00000000172ca000  635       3       java.util.regex.Pattern::isSupplementary (20 bytes)
Event: 2.522 Thread 0x00000000172ca000 nmethod 635 0x0000000002994990 code [0x0000000002994b00, 0x0000000002994dd0]
Event: 2.523 Thread 0x00000000172ca000  637       3       java.util.regex.Pattern::peek (26 bytes)
Event: 2.523 Thread 0x00000000172ca000 nmethod 637 0x0000000002995910 code [0x0000000002995a80, 0x0000000002995d28]
Event: 2.524 Thread 0x00000000172ca000  639       3       java.lang.invoke.MemberName::getName (25 bytes)
Event: 2.524 Thread 0x00000000172ca000 nmethod 639 0x0000000002995e50 code [0x0000000002995fe0, 0x0000000002996408]
Event: 2.526 Thread 0x00000000172ca000  640       1       java.util.regex.Pattern$All::isSatisfiedBy (2 bytes)
Event: 2.526 Thread 0x00000000172ca000 nmethod 640 0x0000000002996510 code [0x0000000002996660, 0x0000000002996770]

GC Heap History (0 events):
No events

Deoptimization events (1 events):
Event: 0.086 Thread 0x000000000233e000 Uncommon trap: reason=unstable_if action=reinterpret pc=0x0000000002800c38 method=java.lang.String.hashCode()I @ 14

Internal exceptions (10 events):
Event: 0.182 Thread 0x0000000018f2f800 Exception <a 'java/security/PrivilegedActionException'> (0x00000000d5d56c40) thrown at [C:\re\workspace\8-2-build-windows-amd64-cygwin\jdk8u121\8372\hotspot\src\share\vm\prims\jvm.cpp, line 1390]
Event: 0.182 Thread 0x0000000018f2f800 Exception <a 'java/security/PrivilegedActionException'> (0x00000000d5d56e50) thrown at [C:\re\workspace\8-2-build-windows-amd64-cygwin\jdk8u121\8372\hotspot\src\share\vm\prims\jvm.cpp, line 1390]
Event: 0.182 Thread 0x0000000018f2f800 Exception <a 'java/security/PrivilegedActionException'> (0x00000000d5d5af48) thrown at [C:\re\workspace\8-2-build-windows-amd64-cygwin\jdk8u121\8372\hotspot\src\share\vm\prims\jvm.cpp, line 1390]
Event: 0.182 Thread 0x0000000018f2f800 Exception <a 'java/security/PrivilegedActionException'> (0x00000000d5d5b158) thrown at [C:\re\workspace\8-2-build-windows-amd64-cygwin\jdk8u121\8372\hotspot\src\share\vm\prims\jvm.cpp, line 1390]
Event: 2.331 Thread 0x0000000018f2f800 Exception <a 'sun/nio/fs/WindowsException'> (0x00000000d5fd9a50) thrown at [C:\re\workspace\8-2-build-windows-amd64-cygwin\jdk8u121\8372\hotspot\src\share\vm\prims\jni.cpp, line 709]
Event: 2.331 Thread 0x0000000018f2f800 Exception <a 'sun/nio/fs/WindowsException'> (0x00000000d5fda238) thrown at [C:\re\workspace\8-2-build-windows-amd64-cygwin\jdk8u121\8372\hotspot\src\share\vm\prims\jni.cpp, line 709]
Event: 2.332 Thread 0x0000000018f2f800 Exception <a 'sun/nio/fs/WindowsException'> (0x00000000d5fdc0c8) thrown at [C:\re\workspace\8-2-build-windows-amd64-cygwin\jdk8u121\8372\hotspot\src\share\vm\prims\jni.cpp, line 709]
Event: 2.332 Thread 0x0000000018f2f800 Exception <a 'sun/nio/fs/WindowsException'> (0x00000000d5fdc618) thrown at [C:\re\workspace\8-2-build-windows-amd64-cygwin\jdk8u121\8372\hotspot\src\share\vm\prims\jni.cpp, line 709]
Event: 2.332 Thread 0x0000000018f2f800 Exception <a 'sun/nio/fs/WindowsException'> (0x00000000d5fdcff0) thrown at [C:\re\workspace\8-2-build-windows-amd64-cygwin\jdk8u121\8372\hotspot\src\share\vm\prims\jni.cpp, line 709]
Event: 2.332 Thread 0x0000000018f2f800 Exception <a 'sun/nio/fs/WindowsException'> (0x00000000d5fdd480) thrown at [C:\re\workspace\8-2-build-windows-amd64-cygwin\jdk8u121\8372\hotspot\src\share\vm\prims\jni.cpp, line 709]

Events (10 events):
Event: 2.523 loading class java/math/RoundingMode
Event: 2.523 loading class java/math/RoundingMode done
Event: 2.524 loading class org/lwjgl/system/APIUtil$Encoder
Event: 2.524 loading class org/lwjgl/system/APIUtil$Encoder done
Event: 2.524 loading class org/lwjgl/system/APIUtil$Encoder
Event: 2.524 loading class org/lwjgl/system/APIUtil$Encoder done
Event: 2.525 loading class org/lwjgl/system/jemalloc/JEmalloc$Functions
Event: 2.525 loading class org/lwjgl/system/jemalloc/JEmalloc$Functions done
Event: 2.527 loading class org/lwjglb/engine/graph/Mesh
Event: 2.527 loading class org/lwjglb/engine/graph/Mesh done


Dynamic libraries:
0x00007ff6b4f00000 - 0x00007ff6b4f37000 	C:\Program Files\Java\jdk1.8.0_121\jre\bin\java.exe
0x00007ffedc660000 - 0x00007ffedc831000 	C:\Windows\SYSTEM32\ntdll.dll
0x00007ffed9bf0000 - 0x00007ffed9c9b000 	C:\Windows\System32\KERNEL32.DLL
0x00007ffed97a0000 - 0x00007ffed99bd000 	C:\Windows\System32\KERNELBASE.dll
0x00007ffed7070000 - 0x00007ffed70ea000 	C:\Windows\system32\apphelp.dll
0x00007ffec6170000 - 0x00007ffec61c3000 	C:\Windows\AppPatch\AppPatch64\AcGenral.DLL
0x00007ffedb590000 - 0x00007ffedb62e000 	C:\Windows\System32\msvcrt.dll
0x00007ffedbf70000 - 0x00007ffedbfc9000 	C:\Windows\System32\sechost.dll
0x00007ffed9cd0000 - 0x00007ffed9df1000 	C:\Windows\System32\RPCRT4.dll
0x00007ffedb530000 - 0x00007ffedb582000 	C:\Windows\System32\SHLWAPI.dll
0x00007ffedc090000 - 0x00007ffedc358000 	C:\Windows\System32\combase.dll
0x00007ffed99c0000 - 0x00007ffed9ab5000 	C:\Windows\System32\ucrtbase.dll
0x00007ffed8e70000 - 0x00007ffed8eda000 	C:\Windows\System32\bcryptPrimitives.dll
0x00007ffedb630000 - 0x00007ffedb664000 	C:\Windows\System32\GDI32.dll
0x00007ffed9610000 - 0x00007ffed9792000 	C:\Windows\System32\gdi32full.dll
0x00007ffedbe00000 - 0x00007ffedbf65000 	C:\Windows\System32\USER32.dll
0x00007ffed9ac0000 - 0x00007ffed9ade000 	C:\Windows\System32\win32u.dll
0x00007ffedb730000 - 0x00007ffedb867000 	C:\Windows\System32\ole32.dll
0x00007ffed9e10000 - 0x00007ffedb319000 	C:\Windows\System32\SHELL32.dll
0x00007ffed8ee0000 - 0x00007ffed8f22000 	C:\Windows\System32\cfgmgr32.dll
0x00007ffed8f30000 - 0x00007ffed960a000 	C:\Windows\System32\windows.storage.dll
0x00007ffed8af0000 - 0x00007ffed8b3c000 	C:\Windows\System32\powrprof.dll
0x00007ffedb670000 - 0x00007ffedb712000 	C:\Windows\System32\advapi32.dll
0x00007ffed8ac0000 - 0x00007ffed8acf000 	C:\Windows\System32\kernel.appcore.dll
0x00007ffed8b50000 - 0x00007ffed8bf9000 	C:\Windows\System32\shcore.dll
0x00007ffed8ad0000 - 0x00007ffed8ae4000 	C:\Windows\System32\profapi.dll
0x00007ffed8790000 - 0x00007ffed87bc000 	C:\Windows\SYSTEM32\SspiCli.dll
0x00007ffed8210000 - 0x00007ffed822f000 	C:\Windows\SYSTEM32\USERENV.dll
0x00007ffec8fb0000 - 0x00007ffec8fcb000 	C:\Windows\SYSTEM32\MPR.dll
0x00007ffed9ca0000 - 0x00007ffed9cce000 	C:\Windows\System32\IMM32.DLL
0x00007ffecdd90000 - 0x00007ffece009000 	C:\Windows\WinSxS\amd64_microsoft.windows.common-controls_6595b64144ccf1df_6.0.14393.447_none_42191651c6827bb3\COMCTL32.dll
0x0000000053290000 - 0x0000000053362000 	C:\Program Files\Java\jdk1.8.0_121\jre\bin\msvcr100.dll
0x0000000053370000 - 0x0000000053c0b000 	C:\Program Files\Java\jdk1.8.0_121\jre\bin\server\jvm.dll
0x00007ffedb720000 - 0x00007ffedb728000 	C:\Windows\System32\PSAPI.DLL
0x00007ffec9f90000 - 0x00007ffec9f99000 	C:\Windows\SYSTEM32\WSOCK32.dll
0x00007ffed6e20000 - 0x00007ffed6e43000 	C:\Windows\SYSTEM32\WINMM.dll
0x00007ffedb330000 - 0x00007ffedb39a000 	C:\Windows\System32\WS2_32.dll
0x00007ffed41a0000 - 0x00007ffed41aa000 	C:\Windows\SYSTEM32\VERSION.dll
0x00007ffed6c70000 - 0x00007ffed6c9b000 	C:\Windows\SYSTEM32\WINMMBASE.dll
0x0000000053240000 - 0x000000005324f000 	C:\Program Files\Java\jdk1.8.0_121\jre\bin\verify.dll
0x0000000053210000 - 0x0000000053239000 	C:\Program Files\Java\jdk1.8.0_121\jre\bin\java.dll
0x00000000531f0000 - 0x0000000053206000 	C:\Program Files\Java\jdk1.8.0_121\jre\bin\zip.dll
0x00000000531d0000 - 0x00000000531ea000 	C:\Program Files\Java\jdk1.8.0_121\jre\bin\net.dll
0x00007ffed8390000 - 0x00007ffed83ec000 	C:\Windows\system32\mswsock.dll
0x00000000531b0000 - 0x00000000531c1000 	C:\Program Files\Java\jdk1.8.0_121\jre\bin\nio.dll
0x00007ffed00d0000 - 0x00007ffed0127000 	C:\Users\repli\AppData\Local\Temp\lwjglrepli\3.1.1-build-16\lwjgl.dll
0x00007ffed8530000 - 0x00007ffed853b000 	C:\Windows\SYSTEM32\CRYPTBASE.DLL
0x00007ffecb950000 - 0x00007ffecb98e000 	C:\Users\repli\AppData\Local\Temp\lwjglrepli\3.1.1-build-16\jemalloc.dll
0x00007ffecb910000 - 0x00007ffecb94c000 	C:\Users\repli\AppData\Local\Temp\lwjglrepli\3.1.1-build-16\glfw.dll
0x00007ffed7250000 - 0x00007ffed72e5000 	C:\Windows\system32\uxtheme.dll
0x00007ffecb8d0000 - 0x00007ffecb910000 	C:\Windows\SYSTEM32\dinput8.dll
0x00007ffed2330000 - 0x00007ffed233e000 	C:\Windows\SYSTEM32\xinput1_4.dll
0x00007ffed7640000 - 0x00007ffed7668000 	C:\Windows\SYSTEM32\DEVOBJ.dll
0x00007ffed6520000 - 0x00007ffed6546000 	C:\Windows\SYSTEM32\dwmapi.dll
0x00007ffed79b0000 - 0x00007ffed79bc000 	C:\Windows\SYSTEM32\HID.DLL
0x00007ffedb8d0000 - 0x00007ffedbcf9000 	C:\Windows\System32\SETUPAPI.DLL
0x00007ffed9b90000 - 0x00007ffed9be5000 	C:\Windows\System32\WINTRUST.dll
0x00007ffed8b40000 - 0x00007ffed8b50000 	C:\Windows\System32\MSASN1.dll
0x00007ffed8c00000 - 0x00007ffed8dc9000 	C:\Windows\System32\CRYPT32.dll
0x00007ffedc500000 - 0x00007ffedc65b000 	C:\Windows\System32\MSCTF.dll
0x00007ffedbfd0000 - 0x00007ffedc08f000 	C:\Windows\System32\OLEAUT32.dll
0x00007ffed8dd0000 - 0x00007ffed8e6c000 	C:\Windows\System32\msvcp_win.dll
0x00007ffeb9460000 - 0x00007ffeb9583000 	C:\Windows\SYSTEM32\opengl32.dll
0x00007ffed0920000 - 0x00007ffed094d000 	C:\Windows\SYSTEM32\GLU32.dll
0x00007ffeb9360000 - 0x00007ffeb9457000 	C:\Windows\SYSTEM32\DDRAW.dll
0x00007ffed0910000 - 0x00007ffed0918000 	C:\Windows\SYSTEM32\DCIMAN32.dll
0x0000000050d90000 - 0x0000000052f24000 	C:\Windows\SYSTEM32\nvoglv64.DLL
0x00007ffed5f10000 - 0x00007ffed5f23000 	C:\Windows\SYSTEM32\WTSAPI32.dll
0x00007ffed7e70000 - 0x00007ffed7ea2000 	C:\Windows\SYSTEM32\ntmarta.dll
0x00007ffed85b0000 - 0x00007ffed8606000 	C:\Windows\SYSTEM32\WINSTA.dll
0x00007ffec4d00000 - 0x00007ffec4d5f000 	C:\Users\repli\AppData\Local\Temp\lwjglrepli\3.1.1-build-16\lwjgl_opengl.dll
0x00007ffec9750000 - 0x00007ffec98e2000 	C:\Windows\SYSTEM32\dbghelp.dll

VM Arguments:
jvm_args: -Dfile.encoding=UTF-8 
java_command: org.lwjglb.game.Main
java_class_path (initial): C:\Users\repli\Documents\LWJGL3.1.1\classpath\lwjgl-assimp-natives-windows.jar;C:\Users\repli\Documents\LWJGL3.1.1\classpath\lwjgl-assimp.jar;C:\Users\repli\Documents\LWJGL3.1.1\classpath\lwjgl-bgfx-natives-windows.jar;C:\Users\repli\Documents\LWJGL3.1.1\classpath\lwjgl-bgfx.jar;C:\Users\repli\Documents\LWJGL3.1.1\classpath\lwjgl-egl.jar;C:\Users\repli\Documents\LWJGL3.1.1\classpath\lwjgl-glfw-natives-windows.jar;C:\Users\repli\Documents\LWJGL3.1.1\classpath\lwjgl-glfw.jar;C:\Users\repli\Documents\LWJGL3.1.1\classpath\lwjgl-jawt.jar;C:\Users\repli\Documents\LWJGL3.1.1\classpath\lwjgl-jemalloc-natives-windows.jar;C:\Users\repli\Documents\LWJGL3.1.1\classpath\lwjgl-jemalloc.jar;C:\Users\repli\Documents\LWJGL3.1.1\classpath\lwjgl-lmdb-natives-windows.jar;C:\Users\repli\Documents\LWJGL3.1.1\classpath\lwjgl-lmdb.jar;C:\Users\repli\Documents\LWJGL3.1.1\classpath\lwjgl-nanovg-natives-windows.jar;C:\Users\repli\Documents\LWJGL3.1.1\classpath\lwjgl-nanovg.jar;C:\Users\repli\Documents\LWJGL3.1.1\classpath\lwjgl-natives-windows.jar;C:\Users\repli\Documents\LWJGL3.1.1\classpath\lwjgl-nfd-natives-windows.jar;C:\Users\repli\Documents\LWJGL3.1.1\classpath\lwjgl-nfd.jar;C:\Users\repli\Documents\LWJGL3.1.1\classpath\lwjgl-nuklear-natives-windows.jar;C:\Users\repli\Documents\LWJGL3.1.1\classpath\lwjgl-nuklear.jar;C:\Users\repli\Documents\LWJGL3.1.1\classpath\lwjgl-openal-natives-windows.jar;C:\Users\repli\Documents\LWJGL3.1.1\classpath\lwjgl-openal.jar;C:\Users\repli\Documents\LWJGL3.1.1\classpath\lwjgl-opencl.jar;C:\Users\repli\Documents\LWJGL3.1.1\classpath\lwjgl-opengl-natives-windows.jar;C:\Users\repli\Documents\LWJGL3.1.1\classpath\lwjgl-opengl.jar;C:\Users\repli\Documents\LWJGL3.1.1\classpath\lwjgl-opengles-natives-windows.jar;C:\Users\repli\Documents\LWJGL3.1.1\classpath\lwjgl-opengles.jar;C:\Users\repli\Documents\LWJGL3.1.1\classpath\lwjgl-ovr-natives-windows.jar;C:\Users\repli\Documents\LWJGL3.1.1\classpath\lwjgl-ovr.jar;C:\Users\repli\Documents\
Launcher Type: SUN_STANDARD

Environment Variables:
PATH=C:\ProgramData\Oracle\Java\javapath;C:\Windows\system32;C:\Windows;C:\Windows\System32\Wbem;C:\Windows\System32\WindowsPowerShell\v1.0\;C:\Program Files (x86)\NVIDIA Corporation\PhysX\Common;C:\Windows\system32\config\systemprofile\.dnx\bin;C:\Program Files\Microsoft DNX\Dnvm\;C:\Program Files (x86)\Windows Kits\8.1\Windows Performance Toolkit\;C:\Program Files\Microsoft SQL Server\130\Tools\Binn\;F:\Program Files (x86)\Brackets\command;C:\Program Files\Git\cmd;C:\Users\repli\AppData\Local\Microsoft\WindowsApps;
USERNAME=repli
OS=Windows_NT
PROCESSOR_IDENTIFIER=Intel64 Family 6 Model 42 Stepping 7, GenuineIntel



---------------  S Y S T E M  ---------------

OS: Windows 10.0 , 64 bit Build 14393 (10.0.14393.0)

CPU:total 4 (4 cores per cpu, 1 threads per core) family 6 model 42 stepping 7, cmov, cx8, fxsr, mmx, sse, sse2, sse3, ssse3, sse4.1, sse4.2, popcnt, avx, aes, clmul, tsc, tscinvbit

Memory: 4k page, physical 8363136k(4584120k free), swap 10450996k(4981832k free)

vm_info: Java HotSpot(TM) 64-Bit Server VM (25.121-b13) for windows-amd64 JRE (1.8.0_121-b13), built on Dec 12 2016 18:21:36 by "java_re" with MS VC++ 10.0 (VS2010)

time: Sat Feb 25 20:49:41 2017
elapsed time: 2 seconds (0d 0h 0m 2s)

